/*C5*/SET SCHEMA PUBLIC
INSERT INTO PESSOA VALUES(0,'marcony jefferson silva souza','05805868742','1999-10-10')
COMMIT
INSERT INTO CARGO VALUES(0,'Administrador')
COMMIT
INSERT INTO FUNCIONARIO VALUES(0,10,'123',0,1)
COMMIT
drop table medico_Especialidade
CREATE TABLE FUNCIONARIO_ESPECIALIDADE(\u000aCD_MATRICULA int NOT NULL,\u000aCD_ESPECIALIDADE int not null)
ALTER TABLE PUBLIC.FUNCIONARIO_ESPECIALIDADE\u000aADD FOREIGN KEY (CD_MATRICULA) \u000aREFERENCES PUBLIC.FUNCIONARIO(CD_MATRICULA)
drop table funcionario_especialidade
\u000aCREATE TABLE MEDICO_ESPECIALIDADE(\u000aCD_MEDICO int NOT NULL,\u000aCD_ESPECIALIDADE int not null)\u000a
\u000aALTER TABLE PUBLIC.MEDICO_ESPECIALIDADE\u000aADD FOREIGN KEY (CD_MEDICO) \u000aREFERENCES PUBLIC.FUNCIONARIO(CD_MATRICULA)\u000a\u000a
DISCONNECT
/*C6*/SET SCHEMA PUBLIC
INSERT INTO LOG VALUES(1,10,'2019-10-20 14:20:00.000000')
COMMIT
DISCONNECT
/*C7*/SET SCHEMA PUBLIC
DISCONNECT
/*C8*/SET SCHEMA PUBLIC
INSERT INTO PRODUTO VALUES(0,'produto teste',10,1)
COMMIT
INSERT INTO ESTOQUE VALUES(0,10)
COMMIT
